\BOOKMARK [1][-]{section.1}{\376\377\000D\000i\000s\000c\000r\000e\000t\000e\000\040\000T\000i\000m\000e\000\040\000M\000o\000d\000e\000l\000s}{}% 1
\BOOKMARK [2][-]{subsection.1.1}{\376\377\000T\000h\000e\000\040\000O\000n\000e\000\040\000P\000e\000r\000i\000o\000d\000\040\000M\000o\000d\000e\000l}{section.1}% 2
\BOOKMARK [3][-]{subsubsection.1.1.1}{\376\377\000M\000o\000d\000e\000l\000\040\000S\000e\000t\000u\000p}{subsection.1.1}% 3
\BOOKMARK [3][-]{subsubsection.1.1.2}{\376\377\000A\000s\000s\000u\000m\000p\000t\000i\000o\000n\000s}{subsection.1.1}% 4
\BOOKMARK [3][-]{subsubsection.1.1.3}{\376\377\000N\000o\000a\000r\000b\000i\000t\000r\000a\000g\000e}{subsection.1.1}% 5
\BOOKMARK [3][-]{subsubsection.1.1.4}{\376\377\000A\000r\000r\000o\000w\000-\000D\000e\000b\000r\000e\000u\000\040\000S\000e\000c\000u\000r\000i\000t\000i\000e\000s}{subsection.1.1}% 6
\BOOKMARK [3][-]{subsubsection.1.1.5}{\376\377\000F\000u\000n\000d\000a\000m\000e\000n\000t\000a\000l\000\040\000T\000h\000e\000o\000r\000e\000m\000s\000\040\000o\000f\000\040\000A\000s\000s\000e\000t\000\040\000P\000r\000i\000c\000i\000n\000g}{subsection.1.1}% 7
\BOOKMARK [3][-]{subsubsection.1.1.6}{\376\377\000L\000a\000w\000\040\000o\000f\000\040\000O\000n\000e\000\040\000P\000r\000i\000c\000e}{subsection.1.1}% 8
\BOOKMARK [3][-]{subsubsection.1.1.7}{\376\377\000T\000y\000p\000e\000s\000\040\000o\000f\000\040\000A\000r\000b\000i\000t\000r\000a\000g\000e}{subsection.1.1}% 9
\BOOKMARK [3][-]{subsubsection.1.1.8}{\376\377\000R\000i\000s\000k\000\040\000N\000e\000u\000t\000r\000a\000l\000\040\000P\000r\000o\000b\000a\000b\000i\000l\000i\000t\000i\000e\000s}{subsection.1.1}% 10
\BOOKMARK [3][-]{subsubsection.1.1.9}{\376\377\000R\000i\000s\000k\000\040\000N\000e\000u\000t\000r\000a\000l\000\040\000F\000u\000n\000d\000a\000m\000e\000n\000t\000a\000l\000\040\000T\000h\000e\000o\000r\000e\000m\000s}{subsection.1.1}% 11
\BOOKMARK [3][-]{subsubsection.1.1.10}{\376\377\000S\000u\000m\000m\000a\000r\000y}{subsection.1.1}% 12
\BOOKMARK [2][-]{subsection.1.2}{\376\377\000T\000h\000e\000\040\000B\000i\000n\000o\000m\000i\000a\000l\000\040\000M\000o\000d\000e\000l}{section.1}% 13
\BOOKMARK [3][-]{subsubsection.1.2.1}{\376\377\000N\000o\000t\000a\000t\000i\000o\000n}{subsection.1.2}% 14
\BOOKMARK [3][-]{subsubsection.1.2.2}{\376\377\000O\000p\000t\000i\000o\000n\000s}{subsection.1.2}% 15
\BOOKMARK [3][-]{subsubsection.1.2.3}{\376\377\000O\000n\000e\000\040\000P\000e\000r\000i\000o\000d\000,\000\040\000T\000w\000o\000\040\000S\000t\000a\000t\000e\000\040\000B\000i\000n\000o\000m\000i\000a\000l\000\040\000M\000o\000d\000e\000l}{subsection.1.2}% 16
\BOOKMARK [3][-]{subsubsection.1.2.4}{\376\377\000B\000a\000s\000i\000c\000\040\000P\000r\000o\000b\000a\000b\000i\000l\000i\000t\000y}{subsection.1.2}% 17
\BOOKMARK [3][-]{subsubsection.1.2.5}{\376\377\000G\000e\000n\000e\000r\000a\000l\000\040\000n\000\040\000S\000t\000e\000p\000\040\000B\000i\000n\000o\000m\000i\000a\000l\000\040\000T\000r\000e\000e\000\040\000M\000e\000t\000h\000o\000d}{subsection.1.2}% 18
\BOOKMARK [2][-]{subsection.1.3}{\376\377\000T\000h\000e\000\040\000G\000e\000n\000e\000r\000a\000l\000\040\000M\000u\000l\000t\000i\000-\000P\000e\000r\000i\000o\000d\000\040\000M\000o\000d\000e\000l}{section.1}% 19
\BOOKMARK [3][-]{subsubsection.1.3.1}{\376\377\000M\000u\000l\000t\000i\000p\000e\000r\000i\000o\000d\000\040\000F\000u\000n\000d\000a\000m\000e\000n\000t\000a\000l\000\040\000T\000h\000e\000o\000r\000e\000m\000s}{subsection.1.3}% 20
\BOOKMARK [1][-]{section.2}{\376\377\000C\000o\000n\000t\000i\000n\000u\000o\000u\000s\000\040\000T\000i\000m\000e\000\040\000M\000o\000d\000e\000l\000s}{}% 21
\BOOKMARK [2][-]{subsection.2.1}{\376\377\000B\000r\000o\000w\000n\000i\000a\000n\000\040\000M\000o\000t\000i\000o\000n}{section.2}% 22
\BOOKMARK [2][-]{subsection.2.2}{\376\377\000M\000u\000l\000t\000i\000v\000a\000r\000i\000a\000t\000e\000\040\000B\000r\000o\000w\000n\000i\000a\000n\000\040\000M\000o\000t\000i\000o\000n}{section.2}% 23
\BOOKMARK [2][-]{subsection.2.3}{\376\377\000D\000i\000s\000c\000r\000e\000t\000e\000\040\000T\000i\000m\000e\000\040\000T\000r\000a\000d\000i\000n\000g\000\040\000t\000o\000\040\000B\000r\000i\000d\000g\000e\000\040\000G\000a\000p\000\040\000t\000o\000\040\000C\000o\000n\000t\000i\000n\000u\000o\000u\000s\000\040\000T\000i\000m\000e\000\040\000T\000r\000a\000d\000i\000n\000g}{section.2}% 24
\BOOKMARK [2][-]{subsection.2.4}{\376\377\000S\000t\000o\000c\000h\000a\000s\000t\000i\000c\000\040\000I\000n\000t\000e\000g\000r\000a\000l\000s}{section.2}% 25
\BOOKMARK [2][-]{subsection.2.5}{\376\377\000T\000r\000a\000n\000s\000f\000o\000r\000m\000a\000t\000i\000o\000n\000s}{section.2}% 26
\BOOKMARK [2][-]{subsection.2.6}{\376\377\000M\000u\000l\000t\000i\000d\000i\000m\000e\000n\000s\000i\000o\000n\000a\000l\000\040\000U\000n\000c\000o\000r\000r\000e\000l\000a\000t\000e\000d\000\040\000I\000t\000\364\000s\000\040\000L\000e\000m\000m\000a}{section.2}% 27
\BOOKMARK [2][-]{subsection.2.7}{\376\377\000I\000t\000\364\000s\000\040\000V\000e\000r\000s\000i\000o\000n\000\040\000o\000f\000\040\000t\000h\000e\000\040\000P\000r\000o\000d\000u\000c\000t\000\040\000R\000u\000l\000e}{section.2}% 28
\BOOKMARK [2][-]{subsection.2.8}{\376\377\000C\000o\000n\000t\000i\000n\000u\000o\000u\000s\000\040\000T\000i\000m\000e\000\040\000P\000o\000r\000f\000o\000l\000i\000o\000\040\000M\000o\000d\000e\000l}{section.2}% 29
\BOOKMARK [2][-]{subsection.2.9}{\376\377\000S\000t\000o\000c\000h\000a\000s\000t\000i\000c\000\040\000D\000i\000f\000f\000e\000r\000e\000n\000t\000i\000a\000l\000\040\000E\000q\000u\000a\000t\000i\000o\000n\000s}{section.2}% 30
\BOOKMARK [1][-]{section.3}{\376\377\000D\000i\000s\000c\000r\000e\000t\000e\000\040\000T\000i\000m\000e\000\040\000M\000o\000d\000e\000l\000s\000\040\000E\000x\000a\000m\000p\000l\000e\000s}{}% 31
\BOOKMARK [2][-]{subsection.3.1}{\376\377\000E\000x\000a\000m\000p\000l\000e}{section.3}% 32
\BOOKMARK [2][-]{subsection.3.2}{\376\377\000E\000x\000a\000m\000p\000l\000e}{section.3}% 33
\BOOKMARK [2][-]{subsection.3.3}{\376\377\000E\000x\000a\000m\000p\000l\000e}{section.3}% 34
\BOOKMARK [2][-]{subsection.3.4}{\376\377\000E\000x\000a\000m\000p\000l\000e}{section.3}% 35
\BOOKMARK [2][-]{subsection.3.5}{\376\377\000E\000x\000a\000m\000p\000l\000e}{section.3}% 36
\BOOKMARK [2][-]{subsection.3.6}{\376\377\000E\000x\000a\000m\000p\000l\000e}{section.3}% 37
\BOOKMARK [2][-]{subsection.3.7}{\376\377\000E\000x\000a\000m\000p\000l\000e}{section.3}% 38
\BOOKMARK [2][-]{subsection.3.8}{\376\377\000E\000x\000a\000m\000p\000l\000e}{section.3}% 39
\BOOKMARK [2][-]{subsection.3.9}{\376\377\000E\000x\000a\000m\000p\000l\000e}{section.3}% 40
\BOOKMARK [1][-]{section.4}{\376\377\000C\000o\000n\000t\000i\000n\000u\000o\000u\000s\000\040\000T\000i\000m\000e\000\040\000M\000o\000d\000e\000l\000s\000\040\000E\000x\000a\000m\000p\000l\000e\000s}{}% 41
\BOOKMARK [1][-]{section.5}{\376\377\000I\000t\000\364\000s\000\040\000L\000e\000m\000m\000a\000\040\000E\000x\000a\000m\000p\000l\000e\000s}{}% 42
\BOOKMARK [2][-]{subsection.5.1}{\376\377\000E\000x\000a\000m\000p\000l\000e}{section.5}% 43
\BOOKMARK [2][-]{subsection.5.2}{\376\377\000E\000x\000a\000m\000p\000l\000e}{section.5}% 44
\BOOKMARK [2][-]{subsection.5.3}{\376\377\000E\000x\000a\000m\000p\000l\000e}{section.5}% 45
\BOOKMARK [2][-]{subsection.5.4}{\376\377\000E\000x\000a\000m\000p\000l\000e}{section.5}% 46
\BOOKMARK [2][-]{subsection.5.5}{\376\377\000E\000x\000a\000m\000p\000l\000e}{section.5}% 47
\BOOKMARK [1][-]{section.6}{\376\377\000C\000o\000n\000t\000i\000n\000u\000o\000u\000s\000\040\000T\000i\000m\000e\000\040\000T\000r\000a\000d\000i\000n\000g\000\040\000E\000x\000a\000m\000p\000l\000e\000s}{}% 48
\BOOKMARK [2][-]{subsection.6.1}{\376\377\000E\000x\000a\000m\000p\000l\000e}{section.6}% 49
\BOOKMARK [1][-]{section.7}{\376\377\000A\000p\000p\000e\000n\000d\000i\000x}{}% 50
\BOOKMARK [2][-]{subsection.7.1}{\376\377\000O\000p\000e\000r\000a\000t\000o\000r\000\040\000O\000v\000e\000r\000l\000o\000a\000d\000i\000n\000g}{section.7}% 51
